# Preference setting overrides
gui_create_pref_key -category {Globals} -key {load_detail_for_funcov} -value_type {bool} -value {false}
gui_create_pref_category -category {schem_obj_name}
gui_create_pref_key -category {schem_obj_name} -key {show_cell_and_pin_with_symbol_name} -value_type {bool} -value {false}
gui_create_pref_key -category {schem_pin_hc} -key {textExtFont} -value_type {string} -value {Helvetica,10,-1,5,50,0,0,0,0,0}

# State setting overrides
gui_state_default_create -off -ini
gui_set_state_value -category Globals -key open_wave_inside -value true
gui_set_state_value -category Globals -key recent_sessions -value {{gui_load_session -ignore_errors -file /home/sv1/K21_CLC/Ca05_Nhom7_Chieu2/synopsys_design_flow_labs/lab01_vcs/source/DVEfiles/dve_checkpoint_51766_7.tcl} {gui_load_session -ignore_errors -file /home/sv1/K21_CLC/Ca05_Nhom7_Chieu2/synopsys_design_flow_labs/lab01_vcs/source/DVEfiles/dve_checkpoint_51766_5.tcl} {gui_load_session -ignore_errors -file /home/sv1/K21_CLC/Ca05_Nhom7_Chieu2/synopsys_design_flow_labs/lab01_vcs/source/DVEfiles/dve_checkpoint_51766_6.tcl} {gui_load_session -ignore_errors -file /home/sv1/K21_CLC/Ca05_Nhom7_Chieu2/synopsys_design_flow_labs/lab01_vcs/source/DVEfiles/dve_checkpoint_51766_4.tcl} {gui_load_session -ignore_errors -file /home/sv1/K21_CLC/Ca05_Nhom7_Chieu2/synopsys_design_flow_labs/lab01_vcs/source/DVEfiles/dve_checkpoint_51766_3.tcl}}
gui_set_state_value -category Layout -key child_console_size_x -value 1179
gui_set_state_value -category Layout -key child_console_size_y -value 176
gui_set_state_value -category Layout -key child_data_coltype -value 37
gui_set_state_value -category Layout -key child_data_colvalue -value 25
gui_set_state_value -category Layout -key child_data_colvariable -value 103
gui_set_state_value -category Layout -key child_data_size_x -value 166
gui_set_state_value -category Layout -key child_data_size_y -value 421
gui_set_state_value -category Layout -key child_driver_docknewline -value true
gui_set_state_value -category Layout -key child_driver_size_x -value 1365
gui_set_state_value -category Layout -key child_driver_size_y -value 179
gui_set_state_value -category Layout -key child_hier_col3 -value {-1}
gui_set_state_value -category Layout -key child_hier_colpd -value 0
gui_set_state_value -category Layout -key child_hier_size_x -value 166
gui_set_state_value -category Layout -key child_hier_size_y -value 421
gui_set_state_value -category Layout -key child_hier_sort_order -value 1
gui_set_state_value -category Layout -key child_schematic_docknewline -value false
gui_set_state_value -category Layout -key child_schematic_pos_x -value {-2}
gui_set_state_value -category Layout -key child_schematic_pos_y -value {-15}
gui_set_state_value -category Layout -key child_schematic_size_x -value 952
gui_set_state_value -category Layout -key child_schematic_size_y -value 416
gui_set_state_value -category Layout -key child_source_docknewline -value false
gui_set_state_value -category Layout -key child_source_pos_x -value {-2}
gui_set_state_value -category Layout -key child_source_pos_y -value {-15}
gui_set_state_value -category Layout -key child_source_size_x -value 850
gui_set_state_value -category Layout -key child_source_size_y -value 416
gui_set_state_value -category Layout -key child_wave_colname -value 114
gui_set_state_value -category Layout -key child_wave_colvalue -value 30
gui_set_state_value -category Layout -key child_wave_docknewline -value false
gui_set_state_value -category Layout -key child_wave_left -value 148
gui_set_state_value -category Layout -key child_wave_pos_x -value {-2}
gui_set_state_value -category Layout -key child_wave_pos_y -value {-15}
gui_set_state_value -category Layout -key child_wave_right -value 692
gui_set_state_value -category Layout -key child_wave_size_y -value 416
gui_set_state_value -category Layout -key main_pos_x -value 10
gui_set_state_value -category Layout -key main_pos_y -value 35
gui_set_state_value -category Layout -key main_size_x -value 1189
gui_set_state_value -category Layout -key main_size_y -value 731
gui_set_state_value -category Layout -key stand_schematic_child_docknewline -value false
gui_set_state_value -category Layout -key stand_schematic_child_pos_x -value {-2}
gui_set_state_value -category Layout -key stand_schematic_child_pos_y -value {-15}
gui_set_state_value -category Layout -key stand_schematic_child_size_x -value 914
gui_set_state_value -category Layout -key stand_schematic_child_size_y -value 383
gui_set_state_value -category Layout -key stand_schematic_top_pos_x -value 60
gui_set_state_value -category Layout -key stand_schematic_top_pos_y -value 83
gui_set_state_value -category Layout -key stand_schematic_top_size_x -value 969
gui_set_state_value -category Layout -key stand_schematic_top_size_y -value 594
gui_set_state_value -category Layout -key stand_wave_child_docknewline -value false
gui_set_state_value -category Layout -key stand_wave_child_dockstate -value bottom
gui_set_state_value -category Layout -key stand_wave_child_size_x -value 1365
gui_set_state_value -category Layout -key stand_wave_child_size_y -value 593
gui_set_state_value -category Layout -key stand_wave_top_pos_x -value 0
gui_set_state_value -category Layout -key stand_wave_top_pos_y -value 23
gui_set_state_value -category Layout -key stand_wave_top_size_x -value 1365
gui_set_state_value -category Layout -key stand_wave_top_size_y -value 727
gui_create_state_key -category FindDialog -key m_pMatchCase -value_type bool -value false
gui_create_state_key -category FindDialog -key m_pMatchWord -value_type bool -value false
gui_create_state_key -category FindDialog -key m_pUseCombo -value_type string -value {}
gui_create_state_key -category FindDialog -key m_pWrapAround -value_type bool -value true
gui_create_state_key -category Widget_History -key {dlgSimSetup|m_setupTab|tab pages|SimTab|m_VPDCombo} -value_type string -value inter.vpd
gui_create_state_key -category Widget_History -key {dlgSimSetup|m_setupTab|tab pages|SimTab|m_argsCombo} -value_type string -value {{-ucligui  } {-ucligui -vcd} {-vcd}}
gui_create_state_key -category Widget_History -key {dlgSimSetup|m_setupTab|tab pages|SimTab|m_curDirCombo} -value_type string -value {/home/sv1/K21_CLC/Ca05_Nhom7_Chieu2/synopsys_design_flow_labs/lab01_vcs/source /home/sv1/K21_CLC/Nhom7/CMOS_Subtractor_4bit/synopsys_design_flow_labs/lab01_vcs/work /home/sv1/K21_CLC/Ca4_Nhom7/synopsys_design_flow_labs/lab01_vcs/source /home/sv1/K21_CLC/Ca05_Nhom7_Chieu2/synopsys_design_flow_labs/lab01_vcs/source/ /home/sv1/K21_CLC/Nhom7/Parity_Generator/synopsys_design_flow_labs/lab01_vcs/work}
gui_create_state_key -category Widget_History -key {dlgSimSetup|m_setupTab|tab pages|SimTab|m_exeCombo} -value_type string -value {simv /home/sv1/K21_CLC/Ca05_Nhom7_Chieu2/synopsys_design_flow_labs/lab01_vcs/source/simv /home/sv1/K21_CLC/thai/decoder6_64/decoder6_64_vcs/simv ./simv}
gui_create_state_key -category SearchDialog -key MatchCase -value_type bool -value false
gui_create_state_key -category SearchDialog -key MatchWord -value_type bool -value true
gui_create_state_key -category SearchDialog -key SearchMode -value_type string -value Wildcards
gui_create_state_key -category SearchDialog -key UseCombo -value_type bool -value true
gui_state_default_create -off

# Begin command logging
gui_sim_run Ucli -exe ./simv -args {-ucligui  -vcd} -dir .
gui_list_sort -id  Data.1   {Type}
gui_sim_continue  
gui_open_window Wave
gui_list_add -id Wave.1 -from Hier.1 { tb_decoder6_64 } -insertionbar
gui_sim_restart
gui_zoom -window Wave.1 -full
gui_sim_continue  
gui_zoom -window Wave.1 -full
gui_list_sort -id  Wave.1   {Value}
