16:40:38    67 --> ...                                                                      [tcl] ucliGUI::start /home/sv1/K21_CLC/thai/decoder6_64/decoder6_64_vcs/simv -ucligui -vcd
16:40:38    68 --> ...                                                                          [tcl] set ucliGUI::state
16:40:38    69 --> ...                                                                              [tcl] gui_update_simulator_buttons
16:40:40    70 --> ...                                                                                  [tcl] set ucliGUI::state
16:40:40    71 --> ...                                                                                      [tcl] ucliCore::getToolPID
16:40:40    72 --> ...                                                                                          [tcl] synopsys::env hasTB
16:40:40    73 --> ...                                                                                              [tcl] trigger_hier_stack_context_switch 0
16:40:40    74 --> ...                                                                                                  [tcl] synUtils::setDVEInitPhase 1
16:40:40    75 --> ...  [tcl] gui_get_env SIMSETUP::SIMVPD
16:40:40    76 --> ...      [tcl] synopsys::dump -type VPD -file /home/sv1/K21_CLC/thai/decoder6_64/decoder6_64_vcs/inter.vpd -locking
16:40:40    77 --> ...          [tcl] synopsys::dump -autoflush on -fid VPD1
16:40:40    78 --> ...              [tcl] set ::dve_fid VPD1
16:40:40    79 --> ...                  [tcl] synUtils::setDVEInitPhase 0
16:40:40    80 --> ...                      [tcl] ucliCore::getToolPID
16:40:40    81 --> ...                          [tcl] synUtils::sendTool -active _icl_setToolSocket /tmp/smlnpvByE9z
16:40:40    82 --> ...                              [tcl] synUtils::sendTool -active {_icl_start_rpc -version "O-2018.09-SP2_Full64" -sync_file /tmp/vcs_dve_rpc.sv1.62220}
16:40:40    83 --> ...                                  [tcl] synUtils::sendTool -active {_icl_createSharedMemory /tmp/vcs_dve_general.sv1.62220}
16:40:40    84 --> ...                                      [tcl] config endofsim noexit
16:40:40    85 --> ...                                          [tcl] config onfail enable all
16:40:40    86 --> ...                                              [tcl] config syscaddplainmembers
16:40:40    87 --> ...                                                  [tcl] config syscaddsourcenames
16:40:40    88 --> ...                                                      [tcl] config syscaddstructtypes
16:40:40    89 --> ...                                                          [tcl] synopsys::listing -disable
16:40:40    90 --> ...                                                              [tcl] # Begin_DVE_Session_Save_Info
16:40:40    91 --> ...                                                                  [tcl] # DVE restart session
16:40:40    92 --> ...                                                                      [tcl] # Saved on Fri Aug 16 16:40:38 2024
16:40:40    93 --> ...                                                                          [tcl] # Designs open: 1
16:40:40    94 --> ...                                                                              [tcl] #   Sim: /home/sv1/K21_CLC/thai/decoder6_64/decoder6_64_vcs/simv
16:40:40    95 --> ...                                                                                  [tcl] # Toplevel windows open: 1
16:40:40    96 --> ...                                                                                      [tcl] # 	TopLevel.1
16:40:40    97 --> ...                                                                                          [tcl] #   Source.1: tb_decoder6_64
16:40:40    98 --> ...                                                                                              [tcl] #   Wave.1: 6 signals
16:40:40    99 --> ...                                                                                                  [tcl] #   Group count = 1
16:40:40    100 --> ...  [tcl] #   Group tb_decoder6_64 signal count = 6
16:40:40    101 --> ...      [tcl] # End_DVE_Session_Save_Info
16:40:40    102 --> ...          [tcl] # DVE version: O-2018.09-SP2_Full64
16:40:40    103 --> ...              [tcl] # DVE build date: Feb 28 2019 23:39:41
16:40:40    104 --> ...                  [tcl] #<Session mode="Restart" path=".restartSimSession.tcl" type="Debug">
16:40:40    105 --> ...                      [tcl] gui_set_loading_session_type Restart
16:40:40    106 --> ...                          [tcl] gui_continuetime_set
16:40:40    107 --> ...                              [tcl] gui_clear_window -type Wave
16:40:40    108 --> ...                                  [tcl] gui_clear_window -type List
16:40:40    109 --> ...                                      [tcl] # Application preferences
16:40:40    110 --> ...                                          [tcl] gui_set_pref_value -key app_default_font -value {Helvetica,10,-1,5,50,0,0,0,0,0}
16:40:40    111 --> ...                                              [tcl] gui_src_preferences -tabstop 8 -maxbits 24 -windownumber 1
16:40:40    112 --> ...                                                  [tcl] #<WindowLayout>
16:40:40    113 --> ...                                                      [tcl] # DVE top-level session
16:40:40    114 --> ...                                                          [tcl] # Create and position top-level window: TopLevel.1
16:40:40    115 --> ...                                                              [tcl] set TopLevel.1 TopLevel.1
16:40:40    116 --> ...                                                                  [tcl] # Docked window settings
16:40:40    117 --> ...                                                                      [tcl] set HSPane.1 HSPane.1
16:40:40    118 --> ...                                                                          [tcl] set Hier.1 Hier.1
16:40:40    119 --> ...                                                                              [tcl] set DLPane.1 DLPane.1
16:40:40    120 --> ...                                                                                  [tcl] set Data.1 Data.1
16:40:40    121 --> ...                                                                                      [tcl] set Console.1 Console.1
16:40:40    122 --> ...                                                                                          [tcl] gui_sync_global -id ${TopLevel.1} -option true
16:40:40    123 --> ...                                                                                              [tcl] # MDI window settings
16:40:40    124 --> ...                                                                                                  [tcl] set Source.1 Source.1
16:40:40    125 --> ...  [tcl] gui_update_layout -id ${Source.1} {{show_state maximized} {dock_state undocked} {dock_on_new_line false}}
16:40:40    126 --> ...      [tcl] set Wave.1 Wave.1
16:40:40    127 --> ...          [tcl] gui_update_layout -id ${Wave.1} {{show_state maximized} {dock_state undocked} {dock_on_new_line false} {child_wave_left 148} {child_wave_right 693} {child_wave_colname 114} {child_wave_colvalue 30} {child_wave_col1 0} {child_wave_col2 1}}
16:40:40    128 --> ...              [tcl] # End MDI window settings
16:40:40    129 --> ...                  [tcl] #</WindowLayout>
16:40:40    130 --> ...                      [tcl] #<Database>
16:40:40    131 --> ...                          [tcl] gui_set_precision 1s
16:40:40    132 --> ...                              [tcl] gui_set_time_units 1s
16:40:40    133 --> ...                                  [tcl] #</Database>
16:40:40    134 --> ...                                      [tcl] # DVE Global setting session:
16:40:40    135 --> ...                                          [tcl] # Global: Breakpoints
16:40:40    136 --> ...                                              [tcl] # Global: Bus
16:40:40    137 --> ...                                                  [tcl] # Global: Expressions
16:40:40    138 --> ...                                                      [tcl] # Global: Signal Time Shift
16:40:40    139 --> ...                                                          [tcl] # Global: Signal Compare
16:40:40    140 --> ...                                                              [tcl] # Global: Signal Groups
16:40:40    141 --> ...                                                                  [tcl] gui_load_child_values {tb_decoder6_64}
16:40:40    142 --> ...                                                                      [tcl] synopsys::dump -add {tb_decoder6_64} -scope "." -depth 1 -fid VPD1
16:40:40    143 --> ...                                                                          [tcl] set _session_group_1 tb_decoder6_64
16:40:40    144 --> ...                                                                              [tcl] gui_sg_create "$_session_group_1"
16:40:40    145 --> ...                                                                                  [tcl] set tb_decoder6_64 "$_session_group_1"
16:40:40    146 --> ...                                                                                      [tcl] gui_sg_addsignal -group "$_session_group_1" { tb_decoder6_64.A tb_decoder6_64.CLK_HALF_PERIOD tb_decoder6_64.CLK_PERIOD tb_decoder6_64.Y tb_decoder6_64.clk tb_decoder6_64.en }
16:40:40    147 --> ...                                                                                          [tcl] gui_set_radix -radix {decimal} -signals {Sim:tb_decoder6_64.CLK_HALF_PERIOD}
16:40:40    148 --> ...                                                                                              [tcl] gui_set_radix -radix {twosComplement} -signals {Sim:tb_decoder6_64.CLK_HALF_PERIOD}
16:40:40    149 --> ...                                                                                                  [tcl] gui_set_radix -radix {decimal} -signals {Sim:tb_decoder6_64.CLK_PERIOD}
16:40:40    150 --> ...  [tcl] gui_set_radix -radix {twosComplement} -signals {Sim:tb_decoder6_64.CLK_PERIOD}
16:40:40    151 --> ...      [tcl] # Global: Highlighting
16:40:40    152 --> ...          [tcl] # Global: Stack
16:40:40    153 --> ...              [tcl] gui_change_stack_mode -mode list
16:40:40    154 --> ...                  [tcl] synopsys::xml {set_only_active_frame <data value="1" />}
16:40:40    155 --> ...                      [tcl] # Post database loading setting...
16:40:40    156 --> ...                          [tcl] # Save global setting...
16:40:40    157 --> ...                              [tcl] # Wave/List view global setting
16:40:40    158 --> ...                                  [tcl] gui_cov_show_value -switch false
16:40:40    159 --> ...                                      [tcl] # Close all empty TopLevel windows
16:40:40    160 --> ...                                          [tcl] foreach __top [gui_ekki_get_window_ids -type TopLevel] {     if { [llength [gui_ekki_get_window_ids -parent $__top]] == 0} {         gui_close_window -window $__top     } }
16:40:40    161 --> ...                                              [tcl] gui_set_loading_session_type noSession
16:40:40    162 --> ...                                                  [tcl] # DVE View/pane content session:
16:40:40    163 --> ...                                                      [tcl] # Hier 'Hier.1'
16:40:40    164 --> ...                                                          [tcl] gui_show_window -window ${Hier.1}
16:40:40    165 --> ...                                                              [tcl] gui_list_set_filter -id ${Hier.1} -list { {Package 1} {All 0} {Process 1} {VirtPowSwitch 0} {UnnamedProcess 1} {UDP 0} {Function 1} {Block 1} {SrsnAndSpaCell 0} {OVA Unit 1} {LeafScCell 1} {LeafVlgCell 1} {Interface 1} {LeafVhdCell 1} {$unit 1} {NamedBlock 1} {Task 1} {VlgPackage 1} {ClassDef 1} {VirtIsoCell 0} }
16:40:40    166 --> ...                                                                  [tcl] gui_list_set_filter -id ${Hier.1} -text {*}
16:40:40    167 --> ...                                                                      [tcl] gui_change_design -id ${Hier.1} -design Sim
16:40:40    168 --> ...                                                                          [tcl] catch {gui_list_select -id ${Hier.1} {tb_decoder6_64}}
16:40:40    169 --> ...                                                                              [tcl] dveMisc::vbusExpand tb_decoder6_64
16:40:40    170 --> ...                                                                                  [tcl] gui_view_scroll -id ${Hier.1} -vertical -set 0
16:40:40    171 --> ...                                                                                      [tcl] gui_view_scroll -id ${Hier.1} -horizontal -set 0
16:40:40    172 --> ...                                                                                          [tcl] # Data 'Data.1'
16:40:40    173 --> ...                                                                                              [tcl] gui_list_set_filter -id ${Data.1} -list { {Buffer 1} {Input 1} {Others 1} {Linkage 1} {Output 1} {LowPower 1} {Parameter 1} {All 1} {Aggregate 1} {LibBaseMember 1} {Event 1} {Assertion 1} {Constant 1} {Interface 1} {BaseMembers 1} {Signal 1} {$unit 1} {Inout 1} {Variable 1} }
16:40:40    174 --> ...                                                                                                  [tcl] gui_list_set_filter -id ${Data.1} -text {*}
16:40:40    175 --> ...  [tcl] gui_list_show_data -id ${Data.1} {tb_decoder6_64}
16:40:40    176 --> ...      [tcl] gui_view_scroll -id ${Data.1} -vertical -set 0
16:40:40    177 --> ...          [tcl] gui_view_scroll -id ${Data.1} -horizontal -set 0
16:40:40    178 --> ...              [tcl] gui_view_scroll -id ${Hier.1} -vertical -set 0
16:40:40    179 --> ...                  [tcl] gui_view_scroll -id ${Hier.1} -horizontal -set 0
16:40:40    180 --> ...                      [tcl] # Source 'Source.1'
16:40:40    181 --> ...                          [tcl] gui_src_value_annotate -id ${Source.1} -switch false
16:40:40    182 --> ...                              [tcl] gui_set_env TOGGLE::VALUEANNOTATE 0
16:40:40    183 --> ...                                  [tcl] gui_open_source -id ${Source.1}  -replace -active tb_decoder6_64 /home/sv1/K21_CLC/thai/decoder6_64/decoder6_64_vcs/tb_decoder6_64.v
16:40:40    184 --> ...                                      [tcl] gui_view_scroll -id ${Source.1} -vertical -set 0
16:40:40    185 --> ...                                          [tcl] gui_src_set_reusable -id ${Source.1}
16:40:40    186 --> ...                                              [tcl] # View 'Wave.1'
16:40:40    187 --> ...                                                  [tcl] gui_wv_sync -id ${Wave.1} -switch false
16:40:40    188 --> ...                                                      [tcl] set groupExD [gui_get_pref_value -category Wave -key exclusiveSG]
16:40:40    189 --> ...                                                          [tcl] gui_set_pref_value -category Wave -key exclusiveSG -value {false}
16:40:40    190 --> ...                                                              [tcl] set origWaveHeight [gui_get_pref_value -category Wave -key waveRowHeight]
16:40:40    191 --> ...                                                                  [tcl] gui_list_set_height -id Wave -height 25
16:40:40    192 --> ...                                                                      [tcl] set origGroupCreationState [gui_list_create_group_when_add -wave]
16:40:40    193 --> ...                                                                          [tcl] gui_list_create_group_when_add -wave -disable
16:40:40    194 --> ...                                                                              [tcl] gui_wv_zoom_timerange -id ${Wave.1} 0 224
16:40:40    195 --> ...                                                                                  [tcl] gui_list_add_group -id ${Wave.1} -after {New Group} {tb_decoder6_64}
16:40:40    196 --> ...                                                                                      [tcl] gui_seek_criteria -id ${Wave.1} {Any Edge}
16:40:40    197 --> ...                                                                                          [tcl] gui_set_env TOGGLE::DEFAULT_WAVE_WINDOW ${Wave.1}
16:40:40    198 --> ...                                                                                              [tcl] gui_set_pref_value -category Wave -key exclusiveSG -value $groupExD
16:40:40    199 --> ...                                                                                                  [tcl] gui_list_set_height -id Wave -height $origWaveHeight
16:40:40    200 --> ...  [tcl] if {$origGroupCreationState} { 	gui_list_create_group_when_add -wave -enable }
16:40:40    201 --> ...      [tcl] if { $groupExD } {  gui_msg_report -code DVWW028 }
16:40:40    202 --> ...          [tcl] gui_list_set_filter -id ${Wave.1} -list { {Buffer 1} {Input 1} {Others 1} {Linkage 1} {Output 1} {Parameter 1} {All 1} {Aggregate 1} {LibBaseMember 1} {Event 1} {Assertion 1} {Constant 1} {Interface 1} {BaseMembers 1} {Signal 1} {$unit 1} {Inout 1} {Variable 1} }
16:40:40    203 --> ...              [tcl] gui_list_set_filter -id ${Wave.1} -text {*}
16:40:40    204 --> ...                  [tcl] gui_list_set_insertion_bar  -id ${Wave.1} -group tb_decoder6_64  -position in
16:40:40    205 --> ...                      [tcl] gui_view_scroll -id ${Wave.1} -vertical -set 0
16:40:40    206 --> ...                          [tcl] gui_show_grid -id ${Wave.1} -enable false
16:40:40    207 --> ...                              [tcl] # Restore toplevel window zorder
16:40:40    208 --> ...                                  [tcl] # The toplevel window could be closed if it has no view/pane
16:40:40    209 --> ...                                      [tcl] if {[gui_exist_window -window ${TopLevel.1}]} { 	gui_set_active_window -window ${TopLevel.1} 	gui_set_active_window -window ${Wave.1} }
16:40:40    210 --> ...                                          [tcl] #</Session>
16:40:47    211 --> ...                                              [tcl] synopsys::run
16:40:47    212 --> ...                                                  [tcl] set ucliGUI::state
16:40:47    213 --> ...                                                      [tcl] gui_update_simulator_buttons
16:40:47    214 --> ...                                                          [tcl] set ucliGUI::state
16:40:47    215 --> ...                                                              [tcl] set ucliGUI::state
16:40:47    216 --> ...                                                                  [tcl] set ucliGUI::state
16:40:47    217 --> ...                                                                      [tcl] catch {senv activeDomain} dveMisc::result 
16:40:47    218 --> ...                                                                          [tcl] set dveMisc::result
16:40:47    219 --> ...                                                                              [tcl] gui_update_simulator_buttons
16:49:37    220 --> ...                                                                                  [tcl] if [catch {gui_sim_terminate}] {gui_sim_terminate -kill}
16:49:37    221 --> ...                                                                                      [tcl] synopsys::finish
16:49:37    222 --> ...                                                                                          [tcl] set ucliGUI::state
16:49:37    223 --> ...                                                                                              [tcl] gui_update_simulator_buttons
16:49:37    224 --> ...                                                                                                  [tcl] set ucliGUI::state
16:49:37    225 --> ...  [tcl] catch {senv activeDomain} dveMisc::result 
16:49:37    226 --> ...      [tcl] set dveMisc::result
16:49:37    227 --> ...          [tcl] gui_update_simulator_buttons
16:49:37    228 --> ...              [tcl] catch {senv activeDomain} dveMisc::result 
16:49:37    229 --> ...                  [tcl] set dveMisc::result
16:49:37    230 --> ...                      [tcl] ucli_exit
