Information: Using 1 threads for LVS
[Check Short] Stage 1	Elapsed =    0:00:00, CPU =    0:00:00
[Check Short] Stage 1-2	Elapsed =    0:00:00, CPU =    0:00:00
[Check Short] Stage 2	Elapsed =    0:00:00, CPU =    0:00:00
Detected more than 20 short violations. Skip checking short violations
[Check Short] Stage 3	Elapsed =    0:00:00, CPU =    0:00:00
[Check Short] End	Elapsed =    0:00:00, CPU =    0:00:00
[Check Net] Init	Elapsed =    0:00:00, CPU =    0:00:00
Information: Detected short violation. Cell1: xofiller!SAEDRVT14_FILL_ECO_1!x2960y0. Net2: VDD. BBox: (0.2510 -0.0470)(0.4150 0.0470). Layer: M1. (RT-586)
Information: Detected open violation for Net VSS. Open location: (4.4720 6.6480)(4.8520 7.7530). (RT-585)
Information: Detected short violation. Cell1: xofiller!SAEDRVT14_FILL2!x15540y0. Cell2: xofiller!SAEDRVT14_FILL2!x5920y6000. BBox: (1.8080 -0.0470)(1.8920 0.0470). Layer: M1. (RT-586)
Information: Detected short violation. Cell1: xofiller!SAEDRVT14_FILL2!x15540y0. Cell2: xofiller!SAEDRVT14_FILL2!x5920y6000. BBox: (1.8080 -0.0470)(1.8920 0.0470). Layer: M1. (RT-586)
Information: Detected short violation. Cell1: xofiller!SAEDRVT14_FILL2!x15540y0. Cell2: xofiller!SAEDRVT14_FILL2!x5920y6000. BBox: (1.8080 -0.0470)(1.8920 0.0470). Layer: M1. (RT-586)
Information: Detected short violation. Cell1: xofiller!SAEDRVT14_FILL2!x15540y0. Cell2: xofiller!SAEDRVT14_FILL2!x5920y6000. BBox: (1.8080 -0.0470)(1.8920 0.0470). Layer: M1. (RT-586)
Information: Detected short violation. Cell1: U4/U6. Cell2: xofiller!SAEDRVT14_FILL2!x15540y0. BBox: (1.5120 -0.0470)(1.5960 0.0470). Layer: M1. (RT-586)
Information: Detected short violation. Cell1: U4/U6. Cell2: xofiller!SAEDRVT14_FILL2!x15540y0. BBox: (1.5120 -0.0470)(1.5960 0.0470). Layer: M1. (RT-586)
Information: Detected short violation. Cell1: U4/U6. Cell2: xofiller!SAEDRVT14_FILL2!x15540y0. BBox: (1.5120 -0.0470)(1.5960 0.0470). Layer: M1. (RT-586)
Information: Detected short violation. Cell1: U4/U6. Cell2: xofiller!SAEDRVT14_FILL2!x15540y0. BBox: (1.5120 -0.0470)(1.5960 0.0470). Layer: M1. (RT-586)
Information: Detected short violation. Cell1: xofiller!SAEDRVT14_FILL2!x15540y0. Net2: VDD. BBox: (1.5120 -0.0470)(1.8920 0.0470). Layer: M1. (RT-586)
Information: Detected short violation. Cell1: xofiller!SAEDRVT14_FILL2!x15540y0. Net2: VDD. BBox: (1.5120 -0.0470)(1.8920 0.0470). Layer: M1. (RT-586)
Information: Detected short violation. Cell1: U4/U5. Cell2: xofiller!SAEDRVT14_FILL_ECO_1!x2960y0. BBox: (0.3280 -0.0470)(0.4150 0.0470). Layer: M1. (RT-586)
Information: Detected short violation. Cell1: U4/U5. Cell2: xofiller!SAEDRVT14_FILL_ECO_1!x2960y0. BBox: (0.3280 -0.0470)(0.4150 0.0470). Layer: M1. (RT-586)
Information: Detected short violation. Cell1: U4/U5. Cell2: xofiller!SAEDRVT14_FILL_ECO_1!x2960y0. BBox: (0.3280 -0.0470)(0.4150 0.0470). Layer: M1. (RT-586)
Information: Detected short violation. Cell1: U4/U5. Cell2: xofiller!SAEDRVT14_FILL_ECO_1!x2960y0. BBox: (0.3280 -0.0470)(0.4150 0.0470). Layer: M1. (RT-586)
Information: Detected short violation. Cell1: xofiller!SAEDRVT14_FILL2!x31820y54000. Cell2: xofiller!SAEDRVT14_FILL_ECO_1!x2960y0. BBox: (0.2510 -0.0470)(0.3380 0.0470). Layer: M1. (RT-586)
Information: Detected short violation. Cell1: xofiller!SAEDRVT14_FILL2!x31820y54000. Cell2: xofiller!SAEDRVT14_FILL_ECO_1!x2960y0. BBox: (0.2510 -0.0470)(0.3380 0.0470). Layer: M1. (RT-586)
Information: Detected short violation. Cell1: xofiller!SAEDRVT14_FILL2!x31820y54000. Cell2: xofiller!SAEDRVT14_FILL_ECO_1!x2960y0. BBox: (0.2510 -0.0470)(0.3380 0.0470). Layer: M1. (RT-586)
Information: Detected short violation. Cell1: xofiller!SAEDRVT14_FILL2!x31820y54000. Cell2: xofiller!SAEDRVT14_FILL_ECO_1!x2960y0. BBox: (0.2510 -0.0470)(0.3380 0.0470). Layer: M1. (RT-586)
Information: Detected short violation. Cell1: xofiller!SAEDRVT14_FILL_ECO_1!x2960y0. Net2: VDD. BBox: (0.2510 -0.0470)(0.4150 0.0470). Layer: M1. (RT-586)
Warning: Port A[1] have no valid pin shapes. Skip this port. (RT-203)
Warning: Port A[0] have no valid pin shapes. Skip this port. (RT-203)
Warning: Port A[2] have no valid pin shapes. Skip this port. (RT-203)
Warning: Port A[4] have no valid pin shapes. Skip this port. (RT-203)
Warning: Port A[3] have no valid pin shapes. Skip this port. (RT-203)
Warning: Port en have no valid pin shapes. Skip this port. (RT-203)
[Check Net] 10% 	Elapsed =    0:00:00, CPU =    0:00:00
Warning: Port A[5] have no valid pin shapes. Skip this port. (RT-203)
[Check Net] 20% 	Elapsed =    0:00:00, CPU =    0:00:00
Warning: Port Y[63] have no valid pin shapes. Skip this port. (RT-203)
Warning: Net Y[63] has less than 2 valid port. Skip open checking for this net. (RT-204)
Warning: Port Y[62] have no valid pin shapes. Skip this port. (RT-203)
Warning: Net Y[62] has less than 2 valid port. Skip open checking for this net. (RT-204)
Warning: Port Y[61] have no valid pin shapes. Skip this port. (RT-203)
Warning: Net Y[61] has less than 2 valid port. Skip open checking for this net. (RT-204)
Warning: Port Y[60] have no valid pin shapes. Skip this port. (RT-203)
Warning: Net Y[60] has less than 2 valid port. Skip open checking for this net. (RT-204)
Warning: Port Y[59] have no valid pin shapes. Skip this port. (RT-203)
Warning: Net Y[59] has less than 2 valid port. Skip open checking for this net. (RT-204)
Warning: Port Y[58] have no valid pin shapes. Skip this port. (RT-203)
Warning: Net Y[58] has less than 2 valid port. Skip open checking for this net. (RT-204)
Warning: Port Y[57] have no valid pin shapes. Skip this port. (RT-203)
Warning: Net Y[57] has less than 2 valid port. Skip open checking for this net. (RT-204)
[Check Net] 30% 	Elapsed =    0:00:00, CPU =    0:00:00
Warning: Port Y[56] have no valid pin shapes. Skip this port. (RT-203)
Warning: Net Y[56] has less than 2 valid port. Skip open checking for this net. (RT-204)
Warning: Port Y[55] have no valid pin shapes. Skip this port. (RT-203)
Warning: Net Y[55] has less than 2 valid port. Skip open checking for this net. (RT-204)
Warning: Port Y[54] have no valid pin shapes. Skip this port. (RT-203)
Warning: Net Y[54] has less than 2 valid port. Skip open checking for this net. (RT-204)
Warning: Port Y[53] have no valid pin shapes. Skip this port. (RT-203)
Warning: Net Y[53] has less than 2 valid port. Skip open checking for this net. (RT-204)
Warning: Port Y[52] have no valid pin shapes. Skip this port. (RT-203)
Warning: Net Y[52] has less than 2 valid port. Skip open checking for this net. (RT-204)
Warning: Port Y[51] have no valid pin shapes. Skip this port. (RT-203)
Warning: Net Y[51] has less than 2 valid port. Skip open checking for this net. (RT-204)
Warning: Port Y[50] have no valid pin shapes. Skip this port. (RT-203)
Warning: Net Y[50] has less than 2 valid port. Skip open checking for this net. (RT-204)
Warning: Port Y[49] have no valid pin shapes. Skip this port. (RT-203)
Warning: Net Y[49] has less than 2 valid port. Skip open checking for this net. (RT-204)
[Check Net] 40% 	Elapsed =    0:00:00, CPU =    0:00:00
Warning: Port Y[48] have no valid pin shapes. Skip this port. (RT-203)
Warning: Net Y[48] has less than 2 valid port. Skip open checking for this net. (RT-204)
Warning: Port Y[47] have no valid pin shapes. Skip this port. (RT-203)
Warning: Net Y[47] has less than 2 valid port. Skip open checking for this net. (RT-204)
Warning: Port Y[46] have no valid pin shapes. Skip this port. (RT-203)
Warning: Net Y[46] has less than 2 valid port. Skip open checking for this net. (RT-204)
Warning: Port Y[45] have no valid pin shapes. Skip this port. (RT-203)
Warning: Net Y[45] has less than 2 valid port. Skip open checking for this net. (RT-204)
Warning: Port Y[44] have no valid pin shapes. Skip this port. (RT-203)
Warning: Net Y[44] has less than 2 valid port. Skip open checking for this net. (RT-204)
Warning: Port Y[43] have no valid pin shapes. Skip this port. (RT-203)
Warning: Net Y[43] has less than 2 valid port. Skip open checking for this net. (RT-204)
Warning: Port Y[42] have no valid pin shapes. Skip this port. (RT-203)
Warning: Net Y[42] has less than 2 valid port. Skip open checking for this net. (RT-204)
Warning: Port Y[41] have no valid pin shapes. Skip this port. (RT-203)
Warning: Net Y[41] has less than 2 valid port. Skip open checking for this net. (RT-204)
[Check Net] 50% 	Elapsed =    0:00:00, CPU =    0:00:00
Warning: Port Y[40] have no valid pin shapes. Skip this port. (RT-203)
Warning: Net Y[40] has less than 2 valid port. Skip open checking for this net. (RT-204)
Warning: Port Y[39] have no valid pin shapes. Skip this port. (RT-203)
Warning: Net Y[39] has less than 2 valid port. Skip open checking for this net. (RT-204)
Warning: Port Y[38] have no valid pin shapes. Skip this port. (RT-203)
Warning: Net Y[38] has less than 2 valid port. Skip open checking for this net. (RT-204)
Warning: Port Y[37] have no valid pin shapes. Skip this port. (RT-203)
Warning: Net Y[37] has less than 2 valid port. Skip open checking for this net. (RT-204)
Warning: Port Y[36] have no valid pin shapes. Skip this port. (RT-203)
Warning: Net Y[36] has less than 2 valid port. Skip open checking for this net. (RT-204)
Warning: Port Y[35] have no valid pin shapes. Skip this port. (RT-203)
Warning: Net Y[35] has less than 2 valid port. Skip open checking for this net. (RT-204)
Warning: Port Y[34] have no valid pin shapes. Skip this port. (RT-203)
Warning: Net Y[34] has less than 2 valid port. Skip open checking for this net. (RT-204)
Warning: Port Y[33] have no valid pin shapes. Skip this port. (RT-203)
Warning: Net Y[33] has less than 2 valid port. Skip open checking for this net. (RT-204)
[Check Net] 60% 	Elapsed =    0:00:00, CPU =    0:00:00
Warning: Port Y[32] have no valid pin shapes. Skip this port. (RT-203)
Warning: Net Y[32] has less than 2 valid port. Skip open checking for this net. (RT-204)
Warning: Port Y[31] have no valid pin shapes. Skip this port. (RT-203)
Warning: Net Y[31] has less than 2 valid port. Skip open checking for this net. (RT-204)
Warning: Port Y[30] have no valid pin shapes. Skip this port. (RT-203)
Warning: Net Y[30] has less than 2 valid port. Skip open checking for this net. (RT-204)
Warning: Port Y[29] have no valid pin shapes. Skip this port. (RT-203)
Warning: Net Y[29] has less than 2 valid port. Skip open checking for this net. (RT-204)
Warning: Port Y[28] have no valid pin shapes. Skip this port. (RT-203)
Warning: Net Y[28] has less than 2 valid port. Skip open checking for this net. (RT-204)
Warning: Port Y[27] have no valid pin shapes. Skip this port. (RT-203)
Warning: Net Y[27] has less than 2 valid port. Skip open checking for this net. (RT-204)
Warning: Port Y[26] have no valid pin shapes. Skip this port. (RT-203)
Warning: Net Y[26] has less than 2 valid port. Skip open checking for this net. (RT-204)
Warning: Port Y[25] have no valid pin shapes. Skip this port. (RT-203)
Warning: Net Y[25] has less than 2 valid port. Skip open checking for this net. (RT-204)
[Check Net] 70% 	Elapsed =    0:00:00, CPU =    0:00:00
Warning: Port Y[24] have no valid pin shapes. Skip this port. (RT-203)
Warning: Net Y[24] has less than 2 valid port. Skip open checking for this net. (RT-204)
Warning: Port Y[23] have no valid pin shapes. Skip this port. (RT-203)
Warning: Net Y[23] has less than 2 valid port. Skip open checking for this net. (RT-204)
Warning: Port Y[22] have no valid pin shapes. Skip this port. (RT-203)
Warning: Net Y[22] has less than 2 valid port. Skip open checking for this net. (RT-204)
Warning: Port Y[21] have no valid pin shapes. Skip this port. (RT-203)
Warning: Net Y[21] has less than 2 valid port. Skip open checking for this net. (RT-204)
Warning: Port Y[20] have no valid pin shapes. Skip this port. (RT-203)
Warning: Net Y[20] has less than 2 valid port. Skip open checking for this net. (RT-204)
Warning: Port Y[19] have no valid pin shapes. Skip this port. (RT-203)
Warning: Net Y[19] has less than 2 valid port. Skip open checking for this net. (RT-204)
Warning: Port Y[18] have no valid pin shapes. Skip this port. (RT-203)
Warning: Net Y[18] has less than 2 valid port. Skip open checking for this net. (RT-204)
Warning: Port Y[17] have no valid pin shapes. Skip this port. (RT-203)
Warning: Net Y[17] has less than 2 valid port. Skip open checking for this net. (RT-204)
[Check Net] 80% 	Elapsed =    0:00:00, CPU =    0:00:00
Warning: Port Y[16] have no valid pin shapes. Skip this port. (RT-203)
Warning: Net Y[16] has less than 2 valid port. Skip open checking for this net. (RT-204)
Warning: Port Y[15] have no valid pin shapes. Skip this port. (RT-203)
Warning: Net Y[15] has less than 2 valid port. Skip open checking for this net. (RT-204)
Warning: Port Y[14] have no valid pin shapes. Skip this port. (RT-203)
Warning: Net Y[14] has less than 2 valid port. Skip open checking for this net. (RT-204)
Warning: Port Y[13] have no valid pin shapes. Skip this port. (RT-203)
Warning: Net Y[13] has less than 2 valid port. Skip open checking for this net. (RT-204)
Warning: Port Y[12] have no valid pin shapes. Skip this port. (RT-203)
Warning: Net Y[12] has less than 2 valid port. Skip open checking for this net. (RT-204)
Warning: Port Y[11] have no valid pin shapes. Skip this port. (RT-203)
Warning: Net Y[11] has less than 2 valid port. Skip open checking for this net. (RT-204)
Warning: Port Y[10] have no valid pin shapes. Skip this port. (RT-203)
Warning: Net Y[10] has less than 2 valid port. Skip open checking for this net. (RT-204)
Warning: Port Y[9] have no valid pin shapes. Skip this port. (RT-203)
Warning: Net Y[9] has less than 2 valid port. Skip open checking for this net. (RT-204)
[Check Net] 90% 	Elapsed =    0:00:00, CPU =    0:00:00
Warning: Port Y[8] have no valid pin shapes. Skip this port. (RT-203)
Warning: Net Y[8] has less than 2 valid port. Skip open checking for this net. (RT-204)
Warning: Port Y[7] have no valid pin shapes. Skip this port. (RT-203)
Warning: Net Y[7] has less than 2 valid port. Skip open checking for this net. (RT-204)
Warning: Port Y[6] have no valid pin shapes. Skip this port. (RT-203)
Warning: Net Y[6] has less than 2 valid port. Skip open checking for this net. (RT-204)
Warning: Port Y[5] have no valid pin shapes. Skip this port. (RT-203)
Warning: Net Y[5] has less than 2 valid port. Skip open checking for this net. (RT-204)
Warning: Port Y[4] have no valid pin shapes. Skip this port. (RT-203)
Warning: Net Y[4] has less than 2 valid port. Skip open checking for this net. (RT-204)
Warning: Port Y[3] have no valid pin shapes. Skip this port. (RT-203)
Warning: Net Y[3] has less than 2 valid port. Skip open checking for this net. (RT-204)
Warning: Port Y[2] have no valid pin shapes. Skip this port. (RT-203)
Warning: Net Y[2] has less than 2 valid port. Skip open checking for this net. (RT-204)
Warning: Port Y[1] have no valid pin shapes. Skip this port. (RT-203)
Warning: Net Y[1] has less than 2 valid port. Skip open checking for this net. (RT-204)
[Check Net] All nets are submitted.
Warning: Port Y[0] have no valid pin shapes. Skip this port. (RT-203)
Warning: Net Y[0] has less than 2 valid port. Skip open checking for this net. (RT-204)
[Check Net] 100%	Elapsed =    0:00:00, CPU =    0:00:00
Information: Detected open violation for Net VSS. Open location: (4.1760 5.4480)(4.5560 6.5530). (RT-585)
Information: Detected open violation for Net VDD. Open location: (0.0000 0.0470)(8.1400 1.1530). (RT-585)
Information: Detected open violation for Net VDD. Open location: (0.0000 1.2470)(8.1400 2.3530). (RT-585)
Information: Detected open violation for Net VDD. Open location: (0.0000 2.4470)(8.1400 3.5530). (RT-585)
Information: Detected open violation for Net VDD. Open location: (0.0000 3.6470)(8.1400 4.7530). (RT-585)
Information: Detected open violation for Net VDD. Open location: (0.0000 4.8470)(8.1400 5.9530). (RT-585)
Information: Detected open violation for Net VDD. Open location: (0.0000 6.0470)(8.1400 7.1530). (RT-585)
Information: Detected open violation for Net VSS. Open location: (0.0000 0.6470)(0.3380 1.7520). (RT-585)
Information: Detected open violation for Net VSS. Open location: (0.8460 1.8480)(1.0040 2.9520). (RT-585)
Information: Detected open violation for Net VSS. Open location: (0.0000 3.0480)(0.3380 4.1530). (RT-585)
Information: Detected open violation for Net VSS. Open location: (0.9200 4.2480)(1.2260 5.3520). (RT-585)

===============================================================
    Maximum number of violations is set to 20
    Abort checking when more than 20 violations are found
    All violations might not be found.
===============================================================
Total number of input nets is 81.
Total number of short violations is 20.
Total number of open locations is 12 (2 open nets).
Open nets are VSS VDD 
Total number of floating pins is 0.

Elapsed =    0:00:00, CPU =    0:00:00
1
