
                                  PYDB_Server 

         Version V-2023.12-SP3-1 for linux64 - May 30, 2024 cl#10276649

                    Copyright (c) 2007 - 2024 Synopsys, Inc.
   This software and the associated documentation are proprietary to Synopsys,
 Inc. This software may only be used in accordance with the terms and conditions
 of a written license agreement with Synopsys, Inc. All other use, reproduction,
   or distribution of this software is strictly prohibited.  Licensed Products
     communicate with Synopsys servers for the purpose of providing software
    updates, detecting software piracy and verifying that customers are using
    Licensed Products in conformity with the applicable License Key for such
  Licensed Products. Synopsys will use information gathered in connection with
    this process to deliver software updates and pursue software pirates and
                                   infringers.

 Inclusivity & Diversity - Visit SolvNetPlus to read the "Synopsys Statement on
            Inclusivity and Diversity" (Refer to article 000036315 at
                        https://solvnetplus.synopsys.com)

variable width coordinate support enabled.
Listening for connections on port 35764
PYDB_Server Started on host capacitor, Fri 08/16/2024 15:46:45
Client capacitor(32749):14 connected (1 total client)
Verified current licenses.
Creating file:/home/sv1/K21_CLC/thai/decoder6_64/decoder6_64_icc2/work/signoff_check_drc_run/run_details/pydb/PYDB_decoder6_64?nolock=1
SQLite page_size=65536
SQLite cache_size=65536
SQLite mmap_size=0
SQLite journal_mode=OFF
SQLite version 3.33.0
Client capacitor(32832):23 connected (2 total clients)
Client capacitor(32832):23 connection closed
Client capacitor(32832):23 disconnected (1 client remains)
Client capacitor(32834):23 connected (2 total clients)
Client capacitor(32834):23 connection closed
Client capacitor(32834):23 disconnected (1 client remains)
Client capacitor(32832):23 connected (2 total clients)
Client capacitor(32832):23 connection closed
Client capacitor(32832):23 disconnected (1 client remains)
Client capacitor(32834):23 connected (2 total clients)
Client capacitor(32832):25 connected (3 total clients)
Client capacitor(32834):23 connection closed
Client capacitor(32834):23 disconnected (2 clients remain)
Client capacitor(32832):25 connection closed
Client capacitor(32832):25 disconnected (1 client remains)
Client capacitor(32832):23 connected (2 total clients)
Client capacitor(32834):25 connected (3 total clients)
Begin error insertion: /home/sv1/K21_CLC/thai/decoder6_64/decoder6_64_icc2/ref/tech/icv_drc/saed14nm_1p9m_drc_rules.rs:1078:external1
Error insertion complete: /home/sv1/K21_CLC/thai/decoder6_64/decoder6_64_icc2/ref/tech/icv_drc/saed14nm_1p9m_drc_rules.rs:1078:external1
  Error Insertion Time=0:00:00  User=0.00 Sys=0.00 Mem=0.001 GB SQLite=0.007 GB Unpooled=0.000 GB
Begin error insertion: /home/sv1/K21_CLC/thai/decoder6_64/decoder6_64_icc2/ref/tech/icv_drc/saed14nm_1p9m_drc_rules.rs:1114:length_edge
Error insertion complete: /home/sv1/K21_CLC/thai/decoder6_64/decoder6_64_icc2/ref/tech/icv_drc/saed14nm_1p9m_drc_rules.rs:1114:length_edge
  Error Insertion Time=0:00:00  User=0.00 Sys=0.00 Mem=0.001 GB SQLite=0.008 GB Unpooled=0.000 GB
Begin error insertion: /home/sv1/K21_CLC/thai/decoder6_64/decoder6_64_icc2/ref/tech/icv_drc/saed14nm_1p9m_drc_rules.rs:2573:not
Error insertion complete: /home/sv1/K21_CLC/thai/decoder6_64/decoder6_64_icc2/ref/tech/icv_drc/saed14nm_1p9m_drc_rules.rs:2573:not
  Error Insertion Time=0:00:00  User=0.01 Sys=0.00 Mem=0.001 GB SQLite=0.008 GB Unpooled=0.000 GB
Begin error insertion: /home/sv1/K21_CLC/thai/decoder6_64/decoder6_64_icc2/ref/tech/icv_drc/saed14nm_1p9m_drc_rules.rs:2583:external2
Error insertion complete: /home/sv1/K21_CLC/thai/decoder6_64/decoder6_64_icc2/ref/tech/icv_drc/saed14nm_1p9m_drc_rules.rs:2583:external2
  Error Insertion Time=0:00:00  User=0.00 Sys=0.00 Mem=0.001 GB SQLite=0.008 GB Unpooled=0.000 GB
Begin error insertion: /home/sv1/K21_CLC/thai/decoder6_64/decoder6_64_icc2/ref/tech/icv_drc/saed14nm_1p9m_drc_rules.rs:2579:center_to_center1
Error insertion complete: /home/sv1/K21_CLC/thai/decoder6_64/decoder6_64_icc2/ref/tech/icv_drc/saed14nm_1p9m_drc_rules.rs:2579:center_to_center1
  Error Insertion Time=0:00:00  User=0.01 Sys=0.00 Mem=0.001 GB SQLite=0.009 GB Unpooled=0.000 GB
Begin error insertion: /home/sv1/K21_CLC/thai/decoder6_64/decoder6_64_icc2/ref/tech/icv_drc/saed14nm_1p9m_drc_rules.rs:1394:area
Error insertion complete: /home/sv1/K21_CLC/thai/decoder6_64/decoder6_64_icc2/ref/tech/icv_drc/saed14nm_1p9m_drc_rules.rs:1394:area
  Error Insertion Time=0:00:00  User=0.00 Sys=0.00 Mem=0.001 GB SQLite=0.009 GB Unpooled=0.000 GB
Begin error insertion: /home/sv1/K21_CLC/thai/decoder6_64/decoder6_64_icc2/ref/tech/icv_drc/saed14nm_1p9m_drc_rules.rs:1305:external1
Error insertion complete: /home/sv1/K21_CLC/thai/decoder6_64/decoder6_64_icc2/ref/tech/icv_drc/saed14nm_1p9m_drc_rules.rs:1305:external1
  Error Insertion Time=0:00:00  User=0.00 Sys=0.00 Mem=0.001 GB SQLite=0.009 GB Unpooled=0.000 GB
Begin error insertion: /home/sv1/K21_CLC/thai/decoder6_64/decoder6_64_icc2/ref/tech/icv_drc/saed14nm_1p9m_drc_rules.rs:1316:length_edge
Error insertion complete: /home/sv1/K21_CLC/thai/decoder6_64/decoder6_64_icc2/ref/tech/icv_drc/saed14nm_1p9m_drc_rules.rs:1316:length_edge
  Error Insertion Time=0:00:00  User=0.00 Sys=0.01 Mem=0.001 GB SQLite=0.009 GB Unpooled=0.000 GB
Begin error insertion: /home/sv1/K21_CLC/thai/decoder6_64/decoder6_64_icc2/ref/tech/icv_drc/saed14nm_1p9m_drc_rules.rs:1350:external2
Error insertion complete: /home/sv1/K21_CLC/thai/decoder6_64/decoder6_64_icc2/ref/tech/icv_drc/saed14nm_1p9m_drc_rules.rs:1350:external2
  Error Insertion Time=0:00:00  User=0.00 Sys=0.00 Mem=0.001 GB SQLite=0.009 GB Unpooled=0.000 GB
Begin error insertion: /home/sv1/K21_CLC/thai/decoder6_64/decoder6_64_icc2/ref/tech/icv_drc/saed14nm_1p9m_drc_rules.rs:1345:external2
Error insertion complete: /home/sv1/K21_CLC/thai/decoder6_64/decoder6_64_icc2/ref/tech/icv_drc/saed14nm_1p9m_drc_rules.rs:1345:external2
  Error Insertion Time=0:00:00  User=0.00 Sys=0.00 Mem=0.001 GB SQLite=0.009 GB Unpooled=0.000 GB
Begin error insertion: /home/sv1/K21_CLC/thai/decoder6_64/decoder6_64_icc2/ref/tech/icv_drc/saed14nm_1p9m_drc_rules.rs:2714:center_to_center1
Error insertion complete: /home/sv1/K21_CLC/thai/decoder6_64/decoder6_64_icc2/ref/tech/icv_drc/saed14nm_1p9m_drc_rules.rs:2714:center_to_center1
  Error Insertion Time=0:00:00  User=0.00 Sys=0.00 Mem=0.001 GB SQLite=0.009 GB Unpooled=0.000 GB
Begin error insertion: /home/sv1/K21_CLC/thai/decoder6_64/decoder6_64_icc2/ref/tech/icv_drc/saed14nm_1p9m_drc_rules.rs:2849:center_to_center1
Error insertion complete: /home/sv1/K21_CLC/thai/decoder6_64/decoder6_64_icc2/ref/tech/icv_drc/saed14nm_1p9m_drc_rules.rs:2849:center_to_center1
  Error Insertion Time=0:00:00  User=0.00 Sys=0.01 Mem=0.001 GB SQLite=0.009 GB Unpooled=0.000 GB
Begin error insertion: /home/sv1/K21_CLC/thai/decoder6_64/decoder6_64_icc2/ref/tech/icv_drc/saed14nm_1p9m_drc_rules.rs:1515:external1
Error insertion complete: /home/sv1/K21_CLC/thai/decoder6_64/decoder6_64_icc2/ref/tech/icv_drc/saed14nm_1p9m_drc_rules.rs:1515:external1
  Error Insertion Time=0:00:00  User=0.00 Sys=0.00 Mem=0.001 GB SQLite=0.009 GB Unpooled=0.000 GB
Begin error insertion: /home/sv1/K21_CLC/thai/decoder6_64/decoder6_64_icc2/ref/tech/icv_drc/saed14nm_1p9m_drc_rules.rs:1526:length_edge
Error insertion complete: /home/sv1/K21_CLC/thai/decoder6_64/decoder6_64_icc2/ref/tech/icv_drc/saed14nm_1p9m_drc_rules.rs:1526:length_edge
  Error Insertion Time=0:00:00  User=0.00 Sys=0.00 Mem=0.001 GB SQLite=0.009 GB Unpooled=0.000 GB
Begin error insertion: /home/sv1/K21_CLC/thai/decoder6_64/decoder6_64_icc2/ref/tech/icv_drc/saed14nm_1p9m_drc_rules.rs:1560:external2
Error insertion complete: /home/sv1/K21_CLC/thai/decoder6_64/decoder6_64_icc2/ref/tech/icv_drc/saed14nm_1p9m_drc_rules.rs:1560:external2
  Error Insertion Time=0:00:00  User=0.01 Sys=0.00 Mem=0.001 GB SQLite=0.009 GB Unpooled=0.000 GB
Begin error insertion: /home/sv1/K21_CLC/thai/decoder6_64/decoder6_64_icc2/ref/tech/icv_drc/saed14nm_1p9m_drc_rules.rs:1555:external2
Error insertion complete: /home/sv1/K21_CLC/thai/decoder6_64/decoder6_64_icc2/ref/tech/icv_drc/saed14nm_1p9m_drc_rules.rs:1555:external2
  Error Insertion Time=0:00:00  User=0.00 Sys=0.01 Mem=0.001 GB SQLite=0.009 GB Unpooled=0.000 GB
Begin error insertion: /home/sv1/K21_CLC/thai/decoder6_64/decoder6_64_icc2/ref/tech/icv_drc/saed14nm_1p9m_drc_rules.rs:1816:length_edge
Error insertion complete: /home/sv1/K21_CLC/thai/decoder6_64/decoder6_64_icc2/ref/tech/icv_drc/saed14nm_1p9m_drc_rules.rs:1816:length_edge
  Error Insertion Time=0:00:00  User=0.00 Sys=0.00 Mem=0.001 GB SQLite=0.009 GB Unpooled=0.000 GB
Begin error insertion: /home/sv1/K21_CLC/thai/decoder6_64/decoder6_64_icc2/ref/tech/icv_drc/saed14nm_1p9m_drc_rules.rs:1822:external1
Error insertion complete: /home/sv1/K21_CLC/thai/decoder6_64/decoder6_64_icc2/ref/tech/icv_drc/saed14nm_1p9m_drc_rules.rs:1822:external1
  Error Insertion Time=0:00:00  User=0.00 Sys=0.00 Mem=0.001 GB SQLite=0.009 GB Unpooled=0.000 GB
Begin error insertion: /home/sv1/K21_CLC/thai/decoder6_64/decoder6_64_icc2/ref/tech/icv_drc/saed14nm_1p9m_drc_rules.rs:1800:internal1
Error insertion complete: /home/sv1/K21_CLC/thai/decoder6_64/decoder6_64_icc2/ref/tech/icv_drc/saed14nm_1p9m_drc_rules.rs:1800:internal1
  Error Insertion Time=0:00:00  User=0.01 Sys=0.00 Mem=0.001 GB SQLite=0.010 GB Unpooled=0.000 GB
Begin error insertion: /home/sv1/K21_CLC/thai/decoder6_64/decoder6_64_icc2/ref/tech/icv_drc/saed14nm_1p9m_drc_rules.rs:1733:length_edge
Error insertion complete: /home/sv1/K21_CLC/thai/decoder6_64/decoder6_64_icc2/ref/tech/icv_drc/saed14nm_1p9m_drc_rules.rs:1733:length_edge
  Error Insertion Time=0:00:00  User=0.00 Sys=0.00 Mem=0.001 GB SQLite=0.010 GB Unpooled=0.000 GB
Begin error insertion: /home/sv1/K21_CLC/thai/decoder6_64/decoder6_64_icc2/ref/tech/icv_drc/saed14nm_1p9m_drc_rules.rs:1739:external1
Error insertion complete: /home/sv1/K21_CLC/thai/decoder6_64/decoder6_64_icc2/ref/tech/icv_drc/saed14nm_1p9m_drc_rules.rs:1739:external1
  Error Insertion Time=0:00:00  User=0.00 Sys=0.00 Mem=0.001 GB SQLite=0.010 GB Unpooled=0.000 GB
Begin error insertion: /home/sv1/K21_CLC/thai/decoder6_64/decoder6_64_icc2/ref/tech/icv_drc/saed14nm_1p9m_drc_rules.rs:1717:internal1
Error insertion complete: /home/sv1/K21_CLC/thai/decoder6_64/decoder6_64_icc2/ref/tech/icv_drc/saed14nm_1p9m_drc_rules.rs:1717:internal1
  Error Insertion Time=0:00:00  User=0.00 Sys=0.00 Mem=0.001 GB SQLite=0.010 GB Unpooled=0.000 GB
Client capacitor(32832):23 connection closed
Client capacitor(32834):25 connection closed
Client capacitor(32832):23 disconnected (2 clients remain)
Client capacitor(32834):25 disconnected (1 client remains)
 Total error insertion Time=0:00:01  User=0.04 Sys=0.03 Mem=0.001 GB SQLite=0.010 GB Unpooled=0.000 GB
  Total Commands: 22
  Total Errors: 1642
  Avg Time/Cmd: Wall=0 User=0.00 Sys=0.00 Mem=0.001 GB MySQL Mem=0.000 GB
Generating /home/sv1/K21_CLC/thai/decoder6_64/decoder6_64_icc2/work/signoff_check_drc_run/decoder6_64.LAYOUT_ERRORS
  Generation Time=0:00:00  User=0.01 Sys=0.00 Mem=0.001 GB
Flushing database cache
  Flush Time=0:00:00  User=0.00 Sys=0.00 Mem=0.001 GB SQLite=0.010 GB Unpooled=0.000 GB
Shutdown requested by client capacitor(32749):14
0 clients remain connected
Client capacitor(32749):14 connection closed
Overall server Time=0:00:12  User=0.17 Sys=0.12 Mem=0.001 GB SQLite=0.010 GB Unpooled=0.000 GB

                                  PYDB_Server 

         Version V-2023.12-SP3-1 for linux64 - May 30, 2024 cl#10276649

                    Copyright (c) 2007 - 2024 Synopsys, Inc.
   This software and the associated documentation are proprietary to Synopsys,
 Inc. This software may only be used in accordance with the terms and conditions
 of a written license agreement with Synopsys, Inc. All other use, reproduction,
   or distribution of this software is strictly prohibited.  Licensed Products
     communicate with Synopsys servers for the purpose of providing software
    updates, detecting software piracy and verifying that customers are using
    Licensed Products in conformity with the applicable License Key for such
  Licensed Products. Synopsys will use information gathered in connection with
    this process to deliver software updates and pursue software pirates and
                                   infringers.

 Inclusivity & Diversity - Visit SolvNetPlus to read the "Synopsys Statement on
            Inclusivity and Diversity" (Refer to article 000036315 at
                        https://solvnetplus.synopsys.com)

variable width coordinate support enabled.
Listening for connections on port 54298
PYDB_Server Started on host capacitor, Fri 08/16/2024 15:51:05
Client capacitor(33658):7 connected (1 total client)
Verified current licenses.
Opening file:/home/sv1/K21_CLC/thai/decoder6_64/decoder6_64_icc2/work/signoff_check_drc_run/run_details/pydb/PYDB_decoder6_64?nolock=1 in read-write mode
SQLite page_size=65536
SQLite cache_size=65536
SQLite mmap_size=0
SQLite journal_mode=OFF
SQLite version 3.33.0
Shutdown requested by client capacitor(33658):7
0 clients remain connected
Client capacitor(33658):7 connection closed
Overall server Time=0:00:21  User=0.01 Sys=0.01 Mem=0.000 GB SQLite=0.003 GB Unpooled=0.000 GB
